<?xml version="1.0" encoding="UTF-8"?>
<!-- Generated by org.testng.reporters.JUnitReportReporter -->
<testsuite hostname="Kalras-Air" failures="0" tests="1" name="GoogleSearch_TestNG" time="21.709" errors="0" timestamp="2020-05-17T12:51:46 EDT" skipped="0">
  <testcase classname="GoogleSearch_TestNG" name="googleSearch" time="21.709"/>
  <system-out>
Entering a value on element Search Field Submitting a value on element Google Search Button Capturing a text from element Search Result My seach number for car is:  Entering a value on element Search Field Submitting a value on element Google Search Button Capturing a text from element Search Result My seach number for car is:  Entering a value on element Search Field Submitting a value on element Google Search Button Capturing a text from element Search Result My seach number for car is:   </system-out>
</testsuite> <!-- GoogleSearch_TestNG -->
